[debug] [2022-03-30T08:48:51.786Z] ----------------------------------------------------------------------
[debug] [2022-03-30T08:48:51.788Z] Command:       /Users/xantosh-mac/.nvm/versions/node/v14.15.4/bin/node /Users/xantosh-mac/.nvm/versions/node/v14.15.4/bin/firebase init
[debug] [2022-03-30T08:48:51.788Z] CLI Version:   10.5.0
[debug] [2022-03-30T08:48:51.788Z] Platform:      darwin
[debug] [2022-03-30T08:48:51.788Z] Node Version:  v14.15.4
[debug] [2022-03-30T08:48:51.789Z] Time:          Wed Mar 30 2022 14:18:51 GMT+0530 (India Standard Time)
[debug] [2022-03-30T08:48:51.789Z] ----------------------------------------------------------------------
[debug] 
[debug] [2022-03-30T08:48:51.834Z] Field ".emulators.hosting.port" in "firebase.json" is possibly invalid: should be number
[debug] [2022-03-30T08:48:51.836Z] > command requires scopes: ["email","openid","https://www.googleapis.com/auth/cloudplatformprojects.readonly","https://www.googleapis.com/auth/firebase","https://www.googleapis.com/auth/cloud-platform"]
[debug] [2022-03-30T08:48:51.836Z] > authorizing via signed-in user (developer.santoshk@gmail.com)
[debug] [2022-03-30T08:48:51.836Z] Field ".emulators.hosting.port" in "firebase.json" is possibly invalid: should be number
[info] 
     ######## #### ########  ######## ########     ###     ######  ########
     ##        ##  ##     ## ##       ##     ##  ##   ##  ##       ##
     ######    ##  ########  ######   ########  #########  ######  ######
     ##        ##  ##    ##  ##       ##     ## ##     ##       ## ##
     ##       #### ##     ## ######## ########  ##     ##  ######  ########

You're about to initialize a Firebase project in this directory:

  /Volumes/BinaryDrip/WORK/in-house/santoshkumar.in

Before we get started, keep in mind:

  * You are currently outside your home directory
  * You are initializing within an existing Firebase project directory

[info] 
=== Project Setup
[info] 
[info] First, let's associate this project directory with a Firebase project.
[info] You can create multiple project aliases by running firebase use --add, 
[info] but for now we'll just set up a default project.
[info] 
[debug] [2022-03-30T08:48:57.872Z] Using project from CLI flag: santoshkumar-in
[debug] [2022-03-30T08:48:57.875Z] >>> [apiv2][query] GET https://firebase.googleapis.com/v1beta1/projects/santoshkumar-in [none]
[debug] [2022-03-30T08:48:58.684Z] <<< [apiv2][status] GET https://firebase.googleapis.com/v1beta1/projects/santoshkumar-in 200
[debug] [2022-03-30T08:48:58.684Z] <<< [apiv2][body] GET https://firebase.googleapis.com/v1beta1/projects/santoshkumar-in {"projectId":"santoshkumar-in","projectNumber":"249256898005","displayName":"santoshkumar-in","name":"projects/santoshkumar-in","resources":{"hostingSite":"santoshkumar-in"},"state":"ACTIVE"}
[info] i  Using project santoshkumar-in (santoshkumar-in) 
[info] 
=== Hosting Setup
[info] 
[info] Your public directory is the folder (relative to your project directory) that
[info] will contain Hosting assets to be uploaded with firebase deploy. If you
[info] have a build process for your assets, use your build's output directory.
[info] 
[info] ✔  Wrote public/404.html 
[debug] [2022-03-30T08:49:18.974Z] >>> [apiv2][query] GET https://www.gstatic.com/firebasejs/releases.json [none]
[debug] [2022-03-30T08:49:19.332Z] <<< [apiv2][status] GET https://www.gstatic.com/firebasejs/releases.json 200
[debug] [2022-03-30T08:49:19.333Z] <<< [apiv2][body] GET https://www.gstatic.com/firebasejs/releases.json {"current":{"version":"9.6.10","browserURL":"https://www.gstatic.com/firebasejs/9.6.10/firebase.js","packageURL":"https://www.gstatic.com/firebasejs/9.6.10/firebase.tgz"},"live":{"version":"9.6","browserURL":"https://www.gstatic.com/firebasejs/live/9.6/firebase.js","packageURL":"https://www.gstatic.com/firebasejs/live/9.6/firebase.tgz"},"components":{"analytics":"https://www.gstatic.com/firebasejs/9.6.10/firebase-analytics.js","app":"https://www.gstatic.com/firebasejs/9.6.10/firebase-app.js","app-check":"https://www.gstatic.com/firebasejs/9.6.10/firebase-app-check.js","auth":"https://www.gstatic.com/firebasejs/9.6.10/firebase-auth.js","auth/cordova":"https://www.gstatic.com/firebasejs/9.6.10/firebase-auth/cordova.js","auth/react-native":"https://www.gstatic.com/firebasejs/9.6.10/firebase-auth/react-native.js","functions":"https://www.gstatic.com/firebasejs/9.6.10/firebase-functions.js","firestore":"https://www.gstatic.com/firebasejs/9.6.10/firebase-firestore.js","firestore/lite":"https://www.gstatic.com/firebasejs/9.6.10/firebase-firestore/lite.js","storage":"https://www.gstatic.com/firebasejs/9.6.10/firebase-storage.js","performance":"https://www.gstatic.com/firebasejs/9.6.10/firebase-performance.js","remote-config":"https://www.gstatic.com/firebasejs/9.6.10/firebase-remote-config.js","messaging":"https://www.gstatic.com/firebasejs/9.6.10/firebase-messaging.js","messaging/sw":"https://www.gstatic.com/firebasejs/9.6.10/firebase-messaging/sw.js","database":"https://www.gstatic.com/firebasejs/9.6.10/firebase-database.js","firestore.memory":"https://www.gstatic.com/firebasejs/9.6.10/firebase-firestore.memory.js"}}
[info] ✔  Wrote public/index.html 
[info] 
[info] i  Didn't detect a .git folder. Assuming /Volumes/BinaryDrip/WORK/in-house/santoshkumar.in is the project root. 
[info] i  Authorizing with GitHub to upload your service account to a GitHub repository's secrets store. 
[info] 
[info] Visit this URL on this device to log in:
[info] https://github.com/login/oauth/authorize?client_id=89cf50f02ac6aaed3484&state=1061353004&redirect_uri=http%3A%2F%2Flocalhost%3A9005&scope=read%3Auser%20repo%20public_repo
[info] 
[info] Waiting for authentication...
